\BOOKMARK [0][-]{chapter.1}{Cenni di Logica}{}% 1
\BOOKMARK [1][-]{section.1.1}{Proposizioni Atomiche}{chapter.1}% 2
\BOOKMARK [1][-]{section.1.2}{Connettivi Logici}{chapter.1}% 3
\BOOKMARK [2][-]{subsection.1.2.1}{Negazione}{section.1.2}% 4
\BOOKMARK [2][-]{subsection.1.2.2}{Disgiunzione}{section.1.2}% 5
\BOOKMARK [2][-]{subsection.1.2.3}{Congiunzione}{section.1.2}% 6
\BOOKMARK [2][-]{subsection.1.2.4}{Implicazione}{section.1.2}% 7
\BOOKMARK [2][-]{subsection.1.2.5}{Doppia implicazione}{section.1.2}% 8
\BOOKMARK [1][-]{section.1.3}{Formule della logica proposizionale}{chapter.1}% 9
\BOOKMARK [1][-]{section.1.4}{Regole di inferenza}{chapter.1}% 10
\BOOKMARK [2][-]{subsection.1.4.1}{Modus Ponens o Metodo di Dimostrazione Diretta}{section.1.4}% 11
\BOOKMARK [2][-]{subsection.1.4.2}{Modus Tollens}{section.1.4}% 12
\BOOKMARK [2][-]{subsection.1.4.3}{Dimostrazione per contrapposizione}{section.1.4}% 13
\BOOKMARK [2][-]{subsection.1.4.4}{Dimostrazione per assurdo}{section.1.4}% 14
\BOOKMARK [1][-]{section.1.5}{Predicati}{chapter.1}% 15
\BOOKMARK [0][-]{chapter.2}{Cenni di Teoria degli Insiemi}{}% 16
\BOOKMARK [1][-]{section.2.1}{Numeri razionali}{chapter.2}% 17
\BOOKMARK [2][-]{subsection.2.1.1}{Decimali e Frazioni}{section.2.1}% 18
\BOOKMARK [1][-]{section.2.2}{Numeri reali}{chapter.2}% 19
\BOOKMARK [1][-]{section.2.3}{Insiemi numerici}{chapter.2}% 20
\BOOKMARK [1][-]{section.2.4}{Relazioni}{chapter.2}% 21
\BOOKMARK [2][-]{subsection.2.4.1}{Relazioni d'ordine}{section.2.4}% 22
\BOOKMARK [2][-]{subsection.2.4.2}{Relazioni d'equivalenza}{section.2.4}% 23
\BOOKMARK [1][-]{section.2.5}{Funzioni}{chapter.2}% 24
